Building DAG of jobs...
Using shell: /bin/bash
Provided cores: 8
Rules claiming more threads will be scaled down.
Job stats:
job               count
--------------  -------
all                   1
run_simulation        3
total                 4

Select jobs to execute...
Failed to solve scheduling problem with ILP solver. Falling back to greedy solver. Run Snakemake with --verbose to see the full solver output for debugging the problem.

[Mon Sep 18 12:18:27 2023]
rule run_simulation:
    output: /Volumes/gs-vol1/home/huntc10/dat/HomeostaticEpithelium/2023-09-12-BlockingProb/results/HomeostaticEpidermis_block_0.2_replicate_1_complete.txt
    jobid: 3
    reason: Missing output files: /Volumes/gs-vol1/home/huntc10/dat/HomeostaticEpithelium/2023-09-12-BlockingProb/results/HomeostaticEpidermis_block_0.2_replicate_1_complete.txt
    wildcards: corr=0.2, rep=1
    resources: tmpdir=/var/folders/cm/45yh_zgs1n74_dfhtgrqfx3c0000gp/T

[Mon Sep 18 12:18:27 2023]
rule run_simulation:
    output: /Volumes/gs-vol1/home/huntc10/dat/HomeostaticEpithelium/2023-09-12-BlockingProb/results/HomeostaticEpidermis_block_0.0_replicate_1_complete.txt
    jobid: 1
    reason: Missing output files: /Volumes/gs-vol1/home/huntc10/dat/HomeostaticEpithelium/2023-09-12-BlockingProb/results/HomeostaticEpidermis_block_0.0_replicate_1_complete.txt
    wildcards: corr=0.0, rep=1
    resources: tmpdir=/var/folders/cm/45yh_zgs1n74_dfhtgrqfx3c0000gp/T

[Mon Sep 18 12:18:27 2023]
rule run_simulation:
    output: /Volumes/gs-vol1/home/huntc10/dat/HomeostaticEpithelium/2023-09-12-BlockingProb/results/HomeostaticEpidermis_block_0.1_replicate_1_complete.txt
    jobid: 2
    reason: Missing output files: /Volumes/gs-vol1/home/huntc10/dat/HomeostaticEpithelium/2023-09-12-BlockingProb/results/HomeostaticEpidermis_block_0.1_replicate_1_complete.txt
    wildcards: corr=0.1, rep=1
    resources: tmpdir=/var/folders/cm/45yh_zgs1n74_dfhtgrqfx3c0000gp/T

Shutting down, this might take some time.
Exiting because a job execution failed. Look above for error message
Complete log: .snakemake/log/2023-09-18T121827.383985.snakemake.log
